<?xml version="1.0" encoding="utf-8"?><testsuites name="pytest tests"><testsuite name="pytest" errors="0" failures="0" skipped="0" tests="108" time="0.455" timestamp="2026-08-01T12:48:12.014936+01:00" hostname="Jeys-MacBook-Pro.local"><testcase classname="tests.test_cli" name="test_build_path_specs_wide_mode" time="0.000" /><testcase classname="tests.test_cli" name="test_build_path_specs_aggregation" time="0.000" /><testcase classname="tests.test_cli" name="test_build_path_specs_sma_with_samples" time="0.001" /><testcase classname="tests.test_cli" name="test_build_path_specs_ema_with_alpha" time="0.000" /><testcase classname="tests.test_cli" name="test_build_path_specs_inline_passthrough" time="0.000" /><testcase classname="tests.test_cli" name="test_build_path_specs_inline_survives_agg" time="0.000" /><testcase classname="tests.test_cli" name="test_query_wide_mode_csv_stdout" time="0.002" /><testcase classname="tests.test_cli" name="test_query_narrow_mode_csv_stdout" time="0.001" /><testcase classname="tests.test_cli" name="test_query_no_header" time="0.001" /><testcase classname="tests.test_cli" name="test_query_feather_stdout_error" time="0.001" /><testcase classname="tests.test_cli" name="test_query_http_error" time="0.001" /><testcase classname="tests.test_cli" name="test_query_bare_mode_csv_stdout" time="0.004" /><testcase classname="tests.test_cli" name="test_query_bare_mode_no_info_on_stderr" time="0.001" /><testcase classname="tests.test_cli" name="test_query_writes_file" time="0.003" /><testcase classname="tests.test_cli" name="test_list_paths_bare" time="0.001" /><testcase classname="tests.test_cli" name="test_list_paths" time="0.001" /><testcase classname="tests.test_cli" name="test_list_paths_count" time="0.001" /><testcase classname="tests.test_cli" name="test_list_providers_bare" time="0.001" /><testcase classname="tests.test_cli" name="test_list_providers" time="0.001" /><testcase classname="tests.test_cli" name="test_list_contexts_bare" time="0.001" /><testcase classname="tests.test_cli" name="test_list_contexts" time="0.001" /><testcase classname="tests.test_history_api" name="test_normalise_host_adds_http" time="0.000" /><testcase classname="tests.test_history_api" name="test_normalise_host_preserves_http" time="0.000" /><testcase classname="tests.test_history_api" name="test_normalise_host_preserves_https" time="0.000" /><testcase classname="tests.test_history_api" name="test_apply_time_default_passthrough_with_from" time="0.000" /><testcase classname="tests.test_history_api" name="test_apply_time_default_passthrough_with_duration" time="0.000" /><testcase classname="tests.test_history_api" name="test_apply_time_default_sets_one_hour_window" time="0.001" /><testcase classname="tests.test_history_api" name="test_apply_time_default_uses_given_to" time="0.000" /><testcase classname="tests.test_history_api" name="test_api_error_extracts_error_key" time="0.000" /><testcase classname="tests.test_history_api" name="test_api_error_extracts_message_key" time="0.000" /><testcase classname="tests.test_history_api" name="test_api_error_no_response" time="0.000" /><testcase classname="tests.test_history_api" name="test_fetch_server_paths" time="0.001" /><testcase classname="tests.test_history_api" name="test_expand_paths_no_regex_chars_no_http" time="0.000" /><testcase classname="tests.test_history_api" name="test_expand_paths_inline_spec_no_http" time="0.000" /><testcase classname="tests.test_history_api" name="test_expand_paths_glob_matches" time="0.002" /><testcase classname="tests.test_history_api" name="test_expand_paths_regex_matches" time="0.001" /><testcase classname="tests.test_history_api" name="test_expand_paths_no_match_warns" time="0.001" /><testcase classname="tests.test_history_api" name="test_resolve_provider_explicit" time="0.000" /><testcase classname="tests.test_history_api" name="test_resolve_provider_fetches_default" time="0.001" /><testcase classname="tests.test_output" name="test_extract_rows_basic" time="0.000" /><testcase classname="tests.test_output" name="test_extract_rows_null_skipped" time="0.000" /><testcase classname="tests.test_output" name="test_extract_rows_dict_value_json_encoded" time="0.000" /><testcase classname="tests.test_output" name="test_extract_rows_empty_data" time="0.000" /><testcase classname="tests.test_output" name="test_extract_rows_wide_basic" time="0.000" /><testcase classname="tests.test_output" name="test_extract_rows_wide_column_order_is_min_avg_max" time="0.000" /><testcase classname="tests.test_output" name="test_extract_rows_wide_all_null_row_skipped" time="0.000" /><testcase classname="tests.test_output" name="test_extract_rows_wide_multi_path" time="0.000" /><testcase classname="tests.test_output" name="test_extract_rows_wide_position_col_names" time="0.000" /><testcase classname="tests.test_output" name="test_extract_rows_wide_generic_array_col_names" time="0.000" /><testcase classname="tests.test_output" name="test_write_csv_header_row" time="0.000" /><testcase classname="tests.test_output" name="test_write_csv_no_header" time="0.000" /><testcase classname="tests.test_output" name="test_write_csv_data_rows" time="0.000" /><testcase classname="tests.test_output" name="test_write_csv_wide_header_order" time="0.000" /><testcase classname="tests.test_output" name="test_write_csv_wide_values" time="0.000" /><testcase classname="tests.test_output" name="test_write_csv_wide_row_count" time="0.000" /><testcase classname="tests.test_output" name="test_write_csv_wide_position_header" time="0.000" /><testcase classname="tests.test_output" name="test_write_csv_wide_position_values" time="0.000" /><testcase classname="tests.test_output" name="test_compute_cardinality_scalar_stats" time="0.000" /><testcase classname="tests.test_output" name="test_compute_cardinality_average" time="0.000" /><testcase classname="tests.test_output" name="test_compute_cardinality_non_scalar_skips_stats" time="0.000" /><testcase classname="tests.test_output" name="test_compute_cardinality_2dp_deduplication" time="0.000" /><testcase classname="tests.test_output" name="test_compute_cardinality_array_2dp_rounds_elements" time="0.000" /><testcase classname="tests.test_output" name="test_compute_cardinality_no_values_gives_zero_d2dp" time="0.000" /><testcase classname="tests.test_stream_api" name="test_to_ws_url_http_to_ws" time="0.000" /><testcase classname="tests.test_stream_api" name="test_to_ws_url_https_to_wss" time="0.000" /><testcase classname="tests.test_stream_api" name="test_to_ws_url_ignores_path_and_trailing_slash" time="0.000" /><testcase classname="tests.test_stream_api" name="test_build_subscribe_message_with_paths" time="0.000" /><testcase classname="tests.test_stream_api" name="test_build_subscribe_message_end_of_path_wildcard" time="0.000" /><testcase classname="tests.test_stream_api" name="test_build_subscribe_message_mid_path_wildcard" time="0.000" /><testcase classname="tests.test_stream_api" name="test_build_subscribe_message_explicit_bare_wildcard" time="0.000" /><testcase classname="tests.test_stream_api" name="test_build_subscribe_message_no_paths_defaults_to_wildcard" time="0.000" /><testcase classname="tests.test_stream_api" name="test_build_subscribe_message_with_period_and_policy" time="0.000" /><testcase classname="tests.test_stream_api" name="test_build_subscribe_message_min_period_only_when_given" time="0.000" /><testcase classname="tests.test_stream_api" name="test_build_subscribe_message_extras_applied_to_every_path" time="0.000" /><testcase classname="tests.test_stream_api" name="test_build_subscribe_message_no_extras_omits_fields" time="0.000" /><testcase classname="tests.test_stream_api" name="test_iter_deltas_skips_hello_message" time="0.000" /><testcase classname="tests.test_stream_api" name="test_iter_deltas_stops_on_none" time="0.000" /><testcase classname="tests.test_stream_api" name="test_iter_deltas_respects_count" time="0.000" /><testcase classname="tests.test_stream_api" name="test_iter_deltas_skips_invalid_json" time="0.000" /><testcase classname="tests.test_stream_api" name="test_iter_deltas_decodes_bytes_payload" time="0.000" /><testcase classname="tests.test_stream_api" name="test_open_stream_calls_ws_url_with_subscribe_param" time="0.001" /><testcase classname="tests.test_stream_cli" name="test_deltas_default_prints_one_message_and_exits" time="0.001" /><testcase classname="tests.test_stream_cli" name="test_deltas_sends_explicit_subscribe_for_paths" time="0.002" /><testcase classname="tests.test_stream_cli" name="test_deltas_no_paths_subscribes_to_wildcard" time="0.001" /><testcase classname="tests.test_stream_cli" name="test_deltas_sends_wildcard_paths_unchanged" time="0.001" /><testcase classname="tests.test_stream_cli" name="test_subscribe_defaults_to_none" time="0.001" /><testcase classname="tests.test_stream_cli" name="test_subscribe_defaults_to_none_without_paths_too" time="0.001" /><testcase classname="tests.test_stream_cli" name="test_subscribe_explicit_overrides_default" time="0.001" /><testcase classname="tests.test_stream_cli" name="test_deltas_policy_period_defaults" time="0.001" /><testcase classname="tests.test_stream_cli" name="test_deltas_custom_policy_period" time="0.001" /><testcase classname="tests.test_stream_cli" name="test_deltas_follow_with_count_reads_multiple_messages" time="0.001" /><testcase classname="tests.test_stream_cli" name="test_deltas_count_without_follow" time="0.001" /><testcase classname="tests.test_stream_cli" name="test_deltas_format_json" time="0.001" /><testcase classname="tests.test_stream_cli" name="test_deltas_format_raw" time="0.001" /><testcase classname="tests.test_stream_cli" name="test_deltas_bare_suppresses_info_lines" time="0.002" /><testcase classname="tests.test_stream_cli" name="test_deltas_connection_error" time="0.001" /><testcase classname="tests.test_stream_cli" name="test_deltas_writes_output_file" time="0.001" /><testcase classname="tests.test_stream_cli" name="test_deltas_output_extension_infers_json_format" time="0.002" /><testcase classname="tests.test_stream_cli" name="test_deltas_feather_stdout_error" time="0.001" /><testcase classname="tests.test_stream_output" name="test_extract_delta_rows_single_value" time="0.000" /><testcase classname="tests.test_stream_output" name="test_extract_delta_rows_multi_value_dict_and_none" time="0.000" /><testcase classname="tests.test_stream_output" name="test_extract_delta_rows_falls_back_to_source_object" time="0.000" /><testcase classname="tests.test_stream_output" name="test_write_csv_header" time="0.000" /><testcase classname="tests.test_stream_output" name="test_write_csv_delta_row_count_and_content" time="0.000" /><testcase classname="tests.test_stream_output" name="test_write_json_delta_writes_json_lines" time="0.000" /><testcase classname="tests.test_stream_output" name="test_write_feather_rows_missing_pyarrow" time="0.000" /><testcase classname="tests.test_stream_output" name="test_write_feather_rows_writes_table" time="0.199" /><testcase classname="tests.test_stream_output" name="test_write_feather_rows_empty" time="0.001" /></testsuite></testsuites>